<?xml version="1.0" encoding="UTF-8"?>
<!-- Generated by org.testng.reporters.JUnitReportReporter -->
<testsuite skipped="0" hostname="Dell-PC" name="enhancement.LightingNegativeScenario" tests="20" failures="1" timestamp="12 May 2017 14:59:26 GMT" time="164.290" errors="0">
  <testcase name="Login" time="12.525" classname="enhancement.LightingNegativeScenario"/>
  <testcase name="AMUserSearch" time="18.635" classname="enhancement.LightingNegativeScenario"/>
  <testcase name="AMUserDetails" time="2.721" classname="enhancement.LightingNegativeScenario"/>
  <testcase name="AMUserLogin" time="10.266" classname="enhancement.LightingNegativeScenario"/>
  <testcase name="Opportunities" time="6.724" classname="enhancement.LightingNegativeScenario"/>
  <testcase name="CreateOpportunity" time="4.924" classname="enhancement.LightingNegativeScenario"/>
  <testcase name="CreateNewOpportunity" time="7.768" classname="enhancement.LightingNegativeScenario"/>
  <testcase name="Units" time="4.584" classname="enhancement.LightingNegativeScenario"/>
  <testcase name="Analysis" time="4.811" classname="enhancement.LightingNegativeScenario"/>
  <testcase name="ClickAnalysis" time="2.262" classname="enhancement.LightingNegativeScenario"/>
  <testcase name="NewAnalysis" time="3.417" classname="enhancement.LightingNegativeScenario"/>
  <testcase name="UnitsAndSetup" time="5.003" classname="enhancement.LightingNegativeScenario"/>
  <testcase name="Budget" time="2.244" classname="enhancement.LightingNegativeScenario"/>
  <testcase name="RentsAndIncentive" time="4.249" classname="enhancement.LightingNegativeScenario"/>
  <testcase name="Securities" time="2.793" classname="enhancement.LightingNegativeScenario"/>
  <testcase name="SaveAnalysis" time="2.239" classname="enhancement.LightingNegativeScenario"/>
  <testcase name="LaunchAnalysis" time="63.690" classname="enhancement.LightingNegativeScenario"/>
  <testcase name="LaunchApproval" time="2.699" classname="enhancement.LightingNegativeScenario"/>
  <testcase name="Overview" time="2.626" classname="enhancement.LightingNegativeScenario"/>
  <testcase name="TenantNameError" time="0.110" classname="enhancement.LightingNegativeScenario">
    <failure type="java.lang.AssertionError" message="expected [ Tenant Name On Lease Required] but found [ Tenant Name On Lease Required.]">
      <![CDATA[java.lang.AssertionError: expected [ Tenant Name On Lease Required] but found [ Tenant Name On Lease Required.]
	at org.testng.Assert.fail(Assert.java:93)
	at org.testng.Assert.failNotEquals(Assert.java:512)
	at org.testng.Assert.assertEqualsImpl(Assert.java:134)
	at org.testng.Assert.assertEquals(Assert.java:115)
	at org.testng.Assert.assertEquals(Assert.java:189)
	at org.testng.Assert.assertEquals(Assert.java:199)
	at enhancement.LightingNegativeScenario.TenantNameError(LightingNegativeScenario.java:480)
	at sun.reflect.NativeMethodAccessorImpl.invoke0(Native Method)
	at sun.reflect.NativeMethodAccessorImpl.invoke(Unknown Source)
	at sun.reflect.DelegatingMethodAccessorImpl.invoke(Unknown Source)
	at java.lang.reflect.Method.invoke(Unknown Source)
	at org.testng.internal.MethodInvocationHelper.invokeMethod(MethodInvocationHelper.java:108)
	at org.testng.internal.Invoker.invokeMethod(Invoker.java:661)
	at org.testng.internal.Invoker.invokeTestMethod(Invoker.java:869)
	at org.testng.internal.Invoker.invokeTestMethods(Invoker.java:1193)
	at org.testng.internal.TestMethodWorker.invokeTestMethods(TestMethodWorker.java:126)
	at org.testng.internal.TestMethodWorker.run(TestMethodWorker.java:109)
	at org.testng.TestRunner.privateRun(TestRunner.java:744)
	at org.testng.TestRunner.run(TestRunner.java:602)
	at org.testng.SuiteRunner.runTest(SuiteRunner.java:380)
	at org.testng.SuiteRunner.runSequentially(SuiteRunner.java:375)
	at org.testng.SuiteRunner.privateRun(SuiteRunner.java:340)
	at org.testng.SuiteRunner.run(SuiteRunner.java:289)
	at org.testng.SuiteRunnerWorker.runSuite(SuiteRunnerWorker.java:52)
	at org.testng.SuiteRunnerWorker.run(SuiteRunnerWorker.java:86)
	at org.testng.TestNG.runSuitesSequentially(TestNG.java:1301)
	at org.testng.TestNG.runSuitesLocally(TestNG.java:1226)
	at org.testng.TestNG.runSuites(TestNG.java:1144)
	at org.testng.TestNG.run(TestNG.java:1115)
	at org.testng.remote.AbstractRemoteTestNG.run(AbstractRemoteTestNG.java:132)
	at org.testng.remote.RemoteTestNG.initAndRun(RemoteTestNG.java:230)
	at org.testng.remote.RemoteTestNG.main(RemoteTestNG.java:76)
]]>
    </failure>
  </testcase> <!-- TenantNameError -->
</testsuite> <!-- enhancement.LightingNegativeScenario -->
